<?xml version="1.0" encoding="UTF-8"?>
<!-- Generated by org.testng.reporters.JUnitReportReporter -->
<testsuite hostname="AMPL-24" failures="0" tests="1" name="Testcases.verifyBulkEdit" time="36.118" errors="0" timestamp="2025-05-27T17:03:17 IST" skipped="0">
  <testcase classname="Testcases.verifyBulkEdit" name="fullschedulechange" time="36.118"/>
</testsuite> <!-- Testcases.verifyBulkEdit -->
