<?xml version="1.0" encoding="UTF-8"?>
<!-- Generated by org.testng.reporters.JUnitReportReporter -->
<testsuite hostname="AMPL-24" failures="0" tests="1" name="Testcases.verify_addaccount" time="26.068" errors="0" timestamp="2025-05-27T13:05:23 IST" skipped="0">
  <testcase classname="Testcases.verify_addaccount" name="addacc" time="26.068"/>
</testsuite> <!-- Testcases.verify_addaccount -->
