<?xml version="1.0" encoding="UTF-8"?>
<!-- Generated by org.testng.reporters.JUnitReportReporter -->
<testsuite hostname="Abhishek" failures="0" tests="1" name="Testcases.verify_bulkedit" time="30.921" errors="0" timestamp="2025-05-26T12:32:50 IST" skipped="0">
  <testcase classname="Testcases.verify_bulkedit" name="login" time="30.921"/>
</testsuite> <!-- Testcases.verify_bulkedit -->
