<?xml version="1.0" encoding="UTF-8"?>
<!-- Generated by org.testng.reporters.JUnitReportReporter -->
<testsuite hostname="Abhishek" failures="0" tests="1" name="Testcases.verifyAddAccount" time="25.971" errors="0" timestamp="2025-05-28T06:46:06 IST" skipped="0">
  <testcase classname="Testcases.verifyAddAccount" name="addacc" time="25.971"/>
</testsuite> <!-- Testcases.verifyAddAccount -->
