<?xml version="1.0" encoding="UTF-8"?>
<!-- Generated by org.testng.reporters.JUnitReportReporter -->
<testsuite hostname="Abhishek" failures="0" tests="1" name="Testcases.verifyBulkEdit" time="36.579" errors="0" timestamp="2025-05-28T06:46:06 IST" skipped="0">
  <testcase classname="Testcases.verifyBulkEdit" name="fullschedulechange" time="36.579"/>
</testsuite> <!-- Testcases.verifyBulkEdit -->
