<?xml version="1.0" encoding="UTF-8"?>
<!-- Generated by org.testng.reporters.JUnitReportReporter -->
<testsuite hostname="Abhishek" failures="0" tests="1" name="Testcases.verify_bulkedit" time="31.651" errors="0" timestamp="2025-05-25T17:16:15 IST" skipped="0">
  <testcase classname="Testcases.verify_bulkedit" name="login" time="31.651"/>
</testsuite> <!-- Testcases.verify_bulkedit -->
